<?xml version="1.0" encoding="UTF-8"?>
<testng-results ignored="0" total="1" passed="1" failed="0" skipped="0">
  <reporter-output>
  </reporter-output>
  <suite started-at="2022-04-14T11:34:29 IST" name="Default suite" finished-at="2022-04-14T11:34:29 IST" duration-ms="75">
    <groups>
    </groups>
    <test started-at="2022-04-14T11:34:29 IST" name="Default test" finished-at="2022-04-14T11:34:29 IST" duration-ms="75">
      <class name="com.crm.comcast.SDET32_GitPratice.ClassA">
        <test-method signature="demoTest()[pri:0, instance:com.crm.comcast.SDET32_GitPratice.ClassA@3967e60c]" started-at="2022-04-14T11:34:29 IST" name="demoTest" finished-at="2022-04-14T11:34:29 IST" duration-ms="12" status="PASS">
          <reporter-output>
          </reporter-output>
        </test-method> <!-- demoTest -->
      </class> <!-- com.crm.comcast.SDET32_GitPratice.ClassA -->
    </test> <!-- Default test -->
  </suite> <!-- Default suite -->
</testng-results>
